<?xml version="1.0" encoding="UTF-8"?>
<!-- Generated by org.testng.reporters.JUnitReportReporter -->
<testsuite hostname="Syeds" failures="0" tests="1" name="Academy.ValidatingTitleNavBarTest" time="0.064" errors="0" timestamp="2021-06-13T05:22:49 IST" skipped="0">
  <testcase classname="Academy.ValidatingTitleNavBarTest" name="baseNavPage" time="0.064"/>
  <system-out/>
</testsuite> <!-- Academy.ValidatingTitleNavBarTest -->
