<?xml version="1.0" encoding="UTF-8"?>
<!-- Generated by org.testng.reporters.JUnitReportReporter -->
<testsuite hostname="Syeds" failures="0" tests="1" name="Academy.ValidatingTitleNavBar" time="0.103" errors="0" timestamp="2021-06-07T23:00:42 IST" skipped="0">
  <testcase classname="Academy.ValidatingTitleNavBar" name="baseNavPage" time="0.103"/>
  <system-out/>
</testsuite> <!-- Academy.ValidatingTitleNavBar -->
