<?xml version="1.0" encoding="UTF-8"?>
<!-- Generated by org.testng.reporters.JUnitReportReporter -->
<testsuite hostname="Syeds" failures="0" tests="1" name="Academy.ValidatingTitleTest" time="0.049" errors="0" timestamp="2021-06-13T05:17:26 IST" skipped="0">
  <testcase classname="Academy.ValidatingTitleTest" name="baseNavPage" time="0.049"/>
  <system-out/>
</testsuite> <!-- Academy.ValidatingTitleTest -->
