<?xml version="1.0" encoding="UTF-8"?>
<!-- Generated by org.testng.reporters.JUnitReportReporter -->
<testsuite hostname="Syeds" failures="0" tests="1" name="Academy.ValidatingTitle" time="0.101" errors="0" timestamp="2021-06-07T03:54:50 IST" skipped="0">
  <testcase classname="Academy.ValidatingTitle" name="baseNavPage" time="0.101"/>
  <system-out/>
</testsuite> <!-- Academy.ValidatingTitle -->
