<?xml version="1.0" encoding="UTF-8"?>
<!-- Generated by org.testng.reporters.JUnitReportReporter -->
<testsuite hostname="Syeds" failures="0" tests="1" name="Academy.LoginPage" time="3.024" errors="0" timestamp="2021-06-06T21:27:02 IST" skipped="0">
  <testcase classname="Academy.LoginPage" name="LoginPage" time="3.024"/>
  <system-out/>
</testsuite> <!-- Academy.LoginPage -->
