<?xml version="1.0" encoding="UTF-8"?>
<!-- Generated by org.testng.reporters.JUnitReportReporter -->
<testsuite skipped="1" hostname="Syeds" name="Academy.ValidatingTitleTest" tests="1" failures="0" timestamp="2021-06-27T12:36:39 IST" time="0.000" errors="0">
  <testcase name="baseNavPage" time="0.000" classname="Academy.ValidatingTitleTest">
    <skipped/>
  </testcase> <!-- baseNavPage -->
  <system-out/>
</testsuite> <!-- Academy.ValidatingTitleTest -->
